# JRE version: Java(TM) SE Runtime Environment (8.0_40-b25) (build 1.8.0_40-b25)
# Java VM: Java HotSpot(TM) 64-Bit Server VM (25.40-b25 mixed mode linux-amd64 compressed oops)
Heap:
 PSYoungGen      total 14848K, used 4605K [0x00000000ed780000, 0x00000000eed80000, 0x0000000100000000)
  eden space 10752K, 5% used [0x00000000ed780000,0x00000000ed820c20,0x00000000ee200000)
  from space 4096K, 96% used [0x00000000ee200000,0x00000000ee5de918,0x00000000ee600000)
  to   space 5120K, 0% used [0x00000000ee880000,0x00000000ee880000,0x00000000eed80000)
 ParOldGen       total 11264K, used 5395K [0x00000000c8600000, 0x00000000c9100000, 0x00000000ed780000)
  object space 11264K, 47% used [0x00000000c8600000,0x00000000c8b44f30,0x00000000c9100000)
 Metaspace       used 9082K, capacity 9632K, committed 9856K, reserved 1058816K
  class space    used 1079K, capacity 1108K, committed 1152K, reserved 1048576K
GC Heap History (10 events):
Event: 1,049 GC heap before
{Heap before GC invocations=4 (full 0):
 PSYoungGen      total 3584K, used 3568K [0x00000000ed780000, 0x00000000ede80000, 0x0000000100000000)
  eden space 3072K, 100% used [0x00000000ed780000,0x00000000eda80000,0x00000000eda80000)
  from space 512K, 96% used [0x00000000eda80000,0x00000000edafc020,0x00000000edb00000)
  to   space 512K, 0% used [0x00000000ede00000,0x00000000ede00000,0x00000000ede80000)
 ParOldGen       total 5632K, used 652K [0x00000000c8600000, 0x00000000c8b80000, 0x00000000ed780000)
  object space 5632K, 11% used [0x00000000c8600000,0x00000000c86a3358,0x00000000c8b80000)
 Metaspace       used 6128K, capacity 7308K, committed 7552K, reserved 1056768K
  class space    used 756K, capacity 776K, committed 896K, reserved 1048576K
Event: 1,055 GC heap after
Heap after GC invocations=4 (full 0):
 PSYoungGen      total 6656K, used 496K [0x00000000ed780000, 0x00000000ede80000, 0x0000000100000000)
  eden space 6144K, 0% used [0x00000000ed780000,0x00000000ed780000,0x00000000edd80000)
  from space 512K, 96% used [0x00000000ede00000,0x00000000ede7c020,0x00000000ede80000)
  to   space 512K, 0% used [0x00000000edd80000,0x00000000edd80000,0x00000000ede00000)
 ParOldGen       total 5632K, used 1010K [0x00000000c8600000, 0x00000000c8b80000, 0x00000000ed780000)
  object space 5632K, 17% used [0x00000000c8600000,0x00000000c86fc848,0x00000000c8b80000)
 Metaspace       used 6128K, capacity 7308K, committed 7552K, reserved 1056768K
  class space    used 756K, capacity 776K, committed 896K, reserved 1048576K
}
Event: 1,410 GC heap before
{Heap before GC invocations=5 (full 0):
 PSYoungGen      total 6656K, used 6640K [0x00000000ed780000, 0x00000000ede80000, 0x0000000100000000)
  eden space 6144K, 100% used [0x00000000ed780000,0x00000000edd80000,0x00000000edd80000)
  from space 512K, 96% used [0x00000000ede00000,0x00000000ede7c020,0x00000000ede80000)
  to   space 512K, 0% used [0x00000000edd80000,0x00000000edd80000,0x00000000ede00000)
 ParOldGen       total 5632K, used 1010K [0x00000000c8600000, 0x00000000c8b80000, 0x00000000ed780000)
  object space 5632K, 17% used [0x00000000c8600000,0x00000000c86fc848,0x00000000c8b80000)
 Metaspace       used 7269K, capacity 8084K, committed 8448K, reserved 1056768K
  class space    used 879K, capacity 912K, committed 1024K, reserved 1048576K
Event: 1,424 GC heap after
Heap after GC invocations=5 (full 0):
 PSYoungGen      total 6656K, used 480K [0x00000000ed780000, 0x00000000eea80000, 0x0000000100000000)
  eden space 6144K, 0% used [0x00000000ed780000,0x00000000ed780000,0x00000000edd80000)
  from space 512K, 93% used [0x00000000edd80000,0x00000000eddf8010,0x00000000ede00000)
  to   space 3584K, 0% used [0x00000000ee700000,0x00000000ee700000,0x00000000eea80000)
 ParOldGen       total 5632K, used 5009K [0x00000000c8600000, 0x00000000c8b80000, 0x00000000ed780000)
  object space 5632K, 88% used [0x00000000c8600000,0x00000000c8ae44c0,0x00000000c8b80000)
 Metaspace       used 7269K, capacity 8084K, committed 8448K, reserved 1056768K
  class space    used 879K, capacity 912K, committed 1024K, reserved 1048576K
}
Event: 1,424 GC heap before
{Heap before GC invocations=6 (full 1):
 PSYoungGen      total 6656K, used 480K [0x00000000ed780000, 0x00000000eea80000, 0x0000000100000000)
  eden space 6144K, 0% used [0x00000000ed780000,0x00000000ed780000,0x00000000edd80000)
  from space 512K, 93% used [0x00000000edd80000,0x00000000eddf8010,0x00000000ede00000)
  to   space 3584K, 0% used [0x00000000ee700000,0x00000000ee700000,0x00000000eea80000)
 ParOldGen       total 5632K, used 5009K [0x00000000c8600000, 0x00000000c8b80000, 0x00000000ed780000)
  object space 5632K, 88% used [0x00000000c8600000,0x00000000c8ae44c0,0x00000000c8b80000)
 Metaspace       used 7269K, capacity 8084K, committed 8448K, reserved 1056768K
  class space    used 879K, capacity 912K, committed 1024K, reserved 1048576K
Event: 1,492 GC heap after
Heap after GC invocations=6 (full 1):
 PSYoungGen      total 6656K, used 0K [0x00000000ed780000, 0x00000000eea80000, 0x0000000100000000)
  eden space 6144K, 0% used [0x00000000ed780000,0x00000000ed780000,0x00000000edd80000)
  from space 512K, 0% used [0x00000000edd80000,0x00000000edd80000,0x00000000ede00000)
  to   space 3584K, 0% used [0x00000000ee700000,0x00000000ee700000,0x00000000eea80000)
 ParOldGen       total 11264K, used 5379K [0x00000000c8600000, 0x00000000c9100000, 0x00000000ed780000)
  object space 11264K, 47% used [0x00000000c8600000,0x00000000c8b40f30,0x00000000c9100000)
 Metaspace       used 7269K, capacity 8084K, committed 8448K, reserved 1056768K
  class space    used 879K, capacity 912K, committed 1024K, reserved 1048576K
}
Event: 1,765 GC heap before
{Heap before GC invocations=7 (full 1):
 PSYoungGen      total 6656K, used 6144K [0x00000000ed780000, 0x00000000eea80000, 0x0000000100000000)
  eden space 6144K, 100% used [0x00000000ed780000,0x00000000edd80000,0x00000000edd80000)
  from space 512K, 0% used [0x00000000edd80000,0x00000000edd80000,0x00000000ede00000)
  to   space 3584K, 0% used [0x00000000ee700000,0x00000000ee700000,0x00000000eea80000)
 ParOldGen       total 11264K, used 5379K [0x00000000c8600000, 0x00000000c9100000, 0x00000000ed780000)
  object space 11264K, 47% used [0x00000000c8600000,0x00000000c8b40f30,0x00000000c9100000)
 Metaspace       used 7373K, capacity 8180K, committed 8448K, reserved 1056768K
  class space    used 887K, capacity 944K, committed 1024K, reserved 1048576K
Event: 1,781 GC heap after
Heap after GC invocations=7 (full 1):
 PSYoungGen      total 11776K, used 2596K [0x00000000ed780000, 0x00000000eea00000, 0x0000000100000000)
  eden space 8704K, 0% used [0x00000000ed780000,0x00000000ed780000,0x00000000ee000000)
  from space 3072K, 84% used [0x00000000ee700000,0x00000000ee989090,0x00000000eea00000)
  to   space 4096K, 0% used [0x00000000ee200000,0x00000000ee200000,0x00000000ee600000)
 ParOldGen       total 11264K, used 5387K [0x00000000c8600000, 0x00000000c9100000, 0x00000000ed780000)
  object space 11264K, 47% used [0x00000000c8600000,0x00000000c8b42f30,0x00000000c9100000)
 Metaspace       used 7373K, capacity 8180K, committed 8448K, reserved 1056768K
  class space    used 887K, capacity 944K, committed 1024K, reserved 1048576K
}
Event: 2,835 GC heap before
{Heap before GC invocations=8 (full 1):
 PSYoungGen      total 11776K, used 11300K [0x00000000ed780000, 0x00000000eea00000, 0x0000000100000000)
  eden space 8704K, 100% used [0x00000000ed780000,0x00000000ee000000,0x00000000ee000000)
  from space 3072K, 84% used [0x00000000ee700000,0x00000000ee989090,0x00000000eea00000)
  to   space 4096K, 0% used [0x00000000ee200000,0x00000000ee200000,0x00000000ee600000)
 ParOldGen       total 11264K, used 5387K [0x00000000c8600000, 0x00000000c9100000, 0x00000000ed780000)
  object space 11264K, 47% used [0x00000000c8600000,0x00000000c8b42f30,0x00000000c9100000)
 Metaspace       used 9066K, capacity 9568K, committed 9856K, reserved 1058816K
  class space    used 1078K, capacity 1108K, committed 1152K, reserved 1048576K
Event: 2,852 GC heap after
Heap after GC invocations=8 (full 1):
 PSYoungGen      total 14848K, used 3962K [0x00000000ed780000, 0x00000000eed80000, 0x0000000100000000)
  eden space 10752K, 0% used [0x00000000ed780000,0x00000000ed780000,0x00000000ee200000)
  from space 4096K, 96% used [0x00000000ee200000,0x00000000ee5de918,0x00000000ee600000)
  to   space 5120K, 0% used [0x00000000ee880000,0x00000000ee880000,0x00000000eed80000)
 ParOldGen       total 11264K, used 5395K [0x00000000c8600000, 0x00000000c9100000, 0x00000000ed780000)
  object space 11264K, 47% used [0x00000000c8600000,0x00000000c8b44f30,0x00000000c9100000)
 Metaspace       used 9066K, capacity 9568K, committed 9856K, reserved 1058816K
  class space    used 1078K, capacity 1108K, committed 1152K, reserved 1048576K
}

